====================================================
=          NOVA DOCUMENTATION SETUP LOG            =
====================================================
Started: Wed Jun  4 18:45:07 2025
====================================================

[2025-06-04 18:45:07] Starting Nova Documentation Setup
[2025-06-04 18:45:07] WARNING: Running in Development or Testing mode
[2025-06-04 18:45:07] DEBUG: Verbose logging enabled
[2025-06-04 18:45:07] Checking for unit tests...
[2025-06-04 18:45:07] Command line arguments received:
[2025-06-04 18:45:07] Argument 0: ./Binaries/DocumentationSetup
[2025-06-04 18:45:07] Loading configuration...
[2025-06-04 18:45:07] Configuration loaded successfully.
[2025-06-04 18:45:07] Registering command-line options dynamically...
[2025-06-04 18:45:07] Command-line options registered successfully.
[2025-06-04 18:45:07] Applying command-line options dynamically...
[2025-06-04 18:45:07] Command-line option 'requestRootForVenv' applied: Enabled
[2025-06-04 18:45:07] Command-line option 'requestRootForPip' applied: Enabled
[2025-06-04 18:45:07] Command-line option 'requestRootForBrew' applied: Enabled
[2025-06-04 18:45:07] Command-line options applied successfully.
[2025-06-04 18:45:07] Menu action: Options set!
[2025-06-04 18:45:07] Menu action: InstallRequirements set!
[2025-06-04 18:45:07] Menu action: StartDocumentationWebpage set!
[2025-06-04 18:45:07] Menu action: ShowHelp set!
[2025-06-04 18:45:07] Menu action: Quit set!
[2025-06-04 18:45:07] Showing main menu!
[2025-06-04 18:45:07] Created main menu buttons!
[2025-06-04 18:45:09] Opening installation menu for confirmation...
[2025-06-04 18:45:09] DEBUG: Creating InstallationMenu instance
[2025-06-04 18:45:09] DEBUG: InstallationMenu instance created successfully
[2025-06-04 18:45:09] Showing enhanced installation menu!
[2025-06-04 18:45:11] Auto-detection of installation initiated!
[2025-06-04 18:45:11] DEBUG: DetectInstallationAutomatically: starting auto-detection
[2025-06-04 18:45:11] DEBUG: Current path: /Volumes/Datenhalde/Projects/FH/Scripts/SetupDocumentation
[2025-06-04 18:45:11] DEBUG: Base path for detection: /Volumes/Datenhalde/Projects/FH
[2025-06-04 18:45:11] Found documentation directory at: /Volumes/Datenhalde/Projects/FH/documentation
[2025-06-04 18:45:11] Auto-detection successful!
[2025-06-04 18:45:14] Installation confirmed!
[2025-06-04 18:45:14] DEBUG: InstallationMenu destructor called
[2025-06-04 18:45:14] DEBUG: InstallationMenu destructor: mutex locked
[2025-06-04 18:45:14] DEBUG: InstallationMenu destructor: steps cleared
[2025-06-04 18:45:14] DEBUG: InstallationMenu destructor completed
[2025-06-04 18:45:17] Loading configuration...
[2025-06-04 18:45:17] Configuration loaded successfully.
[2025-06-04 18:45:17] Showing enhanced options menu!
[2025-06-11 14:48:42] DEBUG: Setting terminal size to 65x40
[2025-06-11 14:48:42] DEBUG: Terminal size set using ANSI escape codes on Unix-like system
