====================================================
=          NOVA DOCUMENTATION SETUP LOG            =
====================================================
Started: Wed Jun  4 11:21:00 2025
====================================================

[2025-06-04 11:21:00] Starting Nova Documentation Setup
[2025-06-04 11:21:00] WARNING: Running in Development or Testing mode
[2025-06-04 11:21:00] DEBUG: Verbose logging enabled
[2025-06-04 11:21:00] Checking for unit tests...
[2025-06-04 11:21:00] Command line arguments received:
[2025-06-04 11:21:00] Argument 0: ./Binaries/DocumentationSetup
[2025-06-04 11:21:00] Loading configuration...
[2025-06-04 11:21:01] Configuration loaded successfully.
[2025-06-04 11:21:01] Registering command-line options dynamically...
[2025-06-04 11:21:01] Command-line options registered successfully.
[2025-06-04 11:21:01] Applying command-line options dynamically...
[2025-06-04 11:21:01] Command-line option 'requestRootForVenv' applied: Enabled
[2025-06-04 11:21:01] Command-line option 'requestRootForPip' applied: Enabled
[2025-06-04 11:21:01] Command-line option 'requestRootForBrew' applied: Enabled
[2025-06-04 11:21:01] Command-line options applied successfully.
[2025-06-04 11:21:01] Menu action: Options set!
[2025-06-04 11:21:01] Menu action: InstallRequirements set!
[2025-06-04 11:21:01] Menu action: StartDocumentationWebpage set!
[2025-06-04 11:21:01] Menu action: ShowHelp set!
[2025-06-04 11:21:01] Menu action: Quit set!
[2025-06-04 11:21:01] Showing main menu!
[2025-06-04 11:21:01] Created main menu buttons!
[2025-06-04 11:21:02] Opening installation menu for confirmation...
[2025-06-04 11:21:02] DEBUG: Creating InstallationMenu instance
[2025-06-04 11:21:02] DEBUG: InstallationMenu instance created successfully
[2025-06-04 11:21:02] Showing enhanced installation menu!
[2025-06-04 11:21:42] DEBUG: Setting terminal size to 65x40
[2025-06-04 11:21:42] DEBUG: Terminal size set using ANSI escape codes on Unix-like system
