====================================================
=          NOVA DOCUMENTATION SETUP LOG            =
====================================================
Started: Wed Jun  4 14:47:12 2025
====================================================

[2025-06-04 14:47:12] Starting Nova Documentation Setup
[2025-06-04 14:47:12] WARNING: Running in Development or Testing mode
[2025-06-04 14:47:12] DEBUG: Verbose logging enabled
[2025-06-04 14:47:12] Checking for unit tests...
[2025-06-04 14:47:12] Command line arguments received:
[2025-06-04 14:47:12] Argument 0: ./Binaries/DocumentationSetup
[2025-06-04 14:47:12] Loading configuration...
[2025-06-04 14:47:12] Configuration loaded successfully.
[2025-06-04 14:47:12] Registering command-line options dynamically...
[2025-06-04 14:47:12] Command-line options registered successfully.
[2025-06-04 14:47:12] Applying command-line options dynamically...
[2025-06-04 14:47:12] Command-line option 'requestRootForVenv' applied: Enabled
[2025-06-04 14:47:12] Command-line option 'requestRootForPip' applied: Enabled
[2025-06-04 14:47:12] Command-line option 'requestRootForBrew' applied: Enabled
[2025-06-04 14:47:12] Command-line options applied successfully.
[2025-06-04 14:47:12] Menu action: Options set!
[2025-06-04 14:47:12] Menu action: InstallRequirements set!
[2025-06-04 14:47:12] Menu action: StartDocumentationWebpage set!
[2025-06-04 14:47:12] Menu action: ShowHelp set!
[2025-06-04 14:47:12] Menu action: Quit set!
[2025-06-04 14:47:12] Showing main menu!
[2025-06-04 14:47:12] Created main menu buttons!
[2025-06-04 14:47:13] Opening installation menu for confirmation...
[2025-06-04 14:47:13] DEBUG: Creating InstallationMenu instance
[2025-06-04 14:47:13] DEBUG: InstallationMenu instance created successfully
[2025-06-04 14:47:13] Showing enhanced installation menu!
[2025-06-04 14:47:13] Auto-detection of installation initiated!
[2025-06-04 14:47:13] DEBUG: DetectInstallationAutomatically: starting auto-detection
[2025-06-04 14:47:13] DEBUG: Current path: /Volumes/Datenhalde/Projects/FH/Scripts/SetupDocumentation
[2025-06-04 14:47:13] DEBUG: Base path for detection: /Volumes/Datenhalde/Projects/FH
[2025-06-04 14:47:13] Found documentation directory at: /Volumes/Datenhalde/Projects/FH/Documentation
[2025-06-04 14:47:13] Auto-detection successful!
[2025-06-04 14:47:18] Git download selected!
[2025-06-04 14:47:18] DEBUG: SetupGitDownload: starting Git setup
[2025-06-04 14:47:18] DEBUG: Initializing GitInstallHelper_Darwin
[2025-06-04 14:47:18] DEBUG: Git is installed and accessible.
[2025-06-04 14:47:18] Git is already installed on macOS
[2025-06-04 14:47:18] GitInstallHelper_Darwin initialized
[2025-06-04 14:47:18] DEBUG: Git is installed and accessible.
[2025-06-04 14:47:18] Git is already installed
[2025-06-04 14:47:18] Requesting Git credentials
[2025-06-04 14:47:29] Git credentials received, setup complete
[2025-06-04 14:47:29] Git setup complete!
[2025-06-04 14:47:31] Manual path entry selected!
[2025-06-04 14:47:31] DEBUG: SetupManualPath: requesting path input
[2025-06-04 14:47:35] WARNING: Warning: Directory does not exist: ddddddd


[2025-06-04 14:47:35] Manual path set to: ddddddd


[2025-06-04 14:47:35] Manual path setup complete!
[2025-06-04 14:47:38] Installation confirmed!
[2025-06-04 14:47:38] DEBUG: InstallationMenu destructor called
[2025-06-04 14:47:38] DEBUG: InstallationMenu destructor: mutex locked
[2025-06-04 14:47:38] DEBUG: InstallationMenu destructor: steps cleared
[2025-06-04 14:47:38] DEBUG: InstallationMenu destructor completed
[2025-06-04 14:47:41] DEBUG: Quitting application...
[2025-06-04 15:22:13] DEBUG: Setting terminal size to 65x40
[2025-06-04 15:22:13] DEBUG: Terminal size set using ANSI escape codes on Unix-like system
