====================================================
=          NOVA DOCUMENTATION SETUP LOG            =
====================================================
Started: Wed Jun  4 11:09:04 2025
====================================================

[2025-06-04 11:09:04] Starting Nova Documentation Setup
[2025-06-04 11:09:04] WARNING: Running in Development or Testing mode
[2025-06-04 11:09:04] DEBUG: Verbose logging enabled
[2025-06-04 11:09:04] Checking for unit tests...
[2025-06-04 11:09:04] Command line arguments received:
[2025-06-04 11:09:04] Argument 0: ./Binaries/DocumentationSetup
[2025-06-04 11:09:04] Loading configuration...
[2025-06-04 11:09:04] WARNING: Configuration file not found, recreating default configuration.
[2025-06-04 11:09:04] Saving configuration...
[2025-06-04 11:09:04] Configuration saved successfully.
[2025-06-04 11:09:04] Registering command-line options dynamically...
[2025-06-04 11:09:04] Command-line options registered successfully.
[2025-06-04 11:09:04] Applying command-line options dynamically...
[2025-06-04 11:09:04] Command-line option 'requestRootForVenv' applied: Enabled
[2025-06-04 11:09:04] Command-line option 'requestRootForPip' applied: Enabled
[2025-06-04 11:09:04] Command-line option 'requestRootForBrew' applied: Enabled
[2025-06-04 11:09:04] Command-line options applied successfully.
[2025-06-04 11:09:04] Menu action: Options set!
[2025-06-04 11:09:04] Menu action: InstallRequirements set!
[2025-06-04 11:09:04] Menu action: StartDocumentationWebpage set!
[2025-06-04 11:09:04] Menu action: ShowHelp set!
[2025-06-04 11:09:04] Menu action: Quit set!
[2025-06-04 11:09:04] Showing main menu!
[2025-06-04 11:09:04] Created main menu buttons!
[2025-06-04 11:09:05] DEBUG: Starting documentation webpage...
[2025-06-04 11:09:05] DEBUG: Starting MkDocs server with command: Content/pyenv/bin/mkdocs serve
[2025-06-04 11:09:05] Documentation webpage started successfully!
[2025-06-04 11:09:05] You can access the documentation at: http://localhost:8000
[2025-06-04 11:09:06] Loading configuration...
[2025-06-04 11:09:06] WARNING: Configuration file not found, recreating default configuration.
[2025-06-04 11:09:06] Saving configuration...
[2025-06-04 11:09:06] Configuration saved successfully.
[2025-06-04 11:09:06] Showing enhanced options menu!
[2025-06-04 11:09:11] Saving configuration...
[2025-06-04 11:09:11] Configuration saved successfully.
[2025-06-04 11:09:11] Saving configuration...
[2025-06-04 11:09:11] Configuration saved successfully.
[2025-06-04 11:09:11] Saving configuration after options menu closed
[2025-06-04 11:09:11] Created directory: Configs
[2025-06-04 11:09:11] DEBUG: Created Configs directory
[2025-06-04 11:09:11] Wrote file: /Volumes/Datenhalde/Projects/FH/Scripts/SetupDocumentation/Configs/app_config.json
[2025-06-04 11:09:11] Configuration saved successfully
[2025-06-04 11:09:15] Loading configuration...
[2025-06-04 11:09:15] Configuration loaded successfully.
[2025-06-04 11:09:15] Showing enhanced options menu!
[2025-06-04 11:09:20] Saving configuration...
[2025-06-04 11:09:20] Configuration saved successfully.
[2025-06-04 11:09:20] Saving configuration...
[2025-06-04 11:09:20] Configuration saved successfully.
[2025-06-04 11:09:20] Saving configuration after options menu closed
[2025-06-04 11:09:20] DEBUG: Created Configs directory
[2025-06-04 11:09:20] Wrote file: /Volumes/Datenhalde/Projects/FH/Scripts/SetupDocumentation/Configs/app_config.json
[2025-06-04 11:09:20] Configuration saved successfully
[2025-06-04 11:09:22] Opening installation menu for confirmation...
[2025-06-04 11:09:22] DEBUG: Creating InstallationMenu instance
[2025-06-04 11:09:22] DEBUG: InstallationMenu instance created successfully
[2025-06-04 11:09:22] Showing enhanced installation menu!
[2025-06-04 11:11:21] Installation canceled!
[2025-06-04 11:11:21] DEBUG: InstallationMenu destructor called
[2025-06-04 11:11:21] DEBUG: InstallationMenu destructor: mutex locked
[2025-06-04 11:11:21] DEBUG: InstallationMenu destructor: steps cleared
[2025-06-04 11:11:21] DEBUG: InstallationMenu destructor completed
[2025-06-04 11:12:03] DEBUG: Quitting application...
[2025-06-04 11:12:12] DEBUG: Setting terminal size to 65x40
[2025-06-04 11:12:12] DEBUG: Terminal size set using ANSI escape codes on Unix-like system
