====================================================
=          NOVA DOCUMENTATION SETUP LOG            =
====================================================
Started: Wed Jun  4 15:22:13 2025
====================================================

[2025-06-04 15:22:13] Starting Nova Documentation Setup
[2025-06-04 15:22:13] WARNING: Running in Development or Testing mode
[2025-06-04 15:22:13] DEBUG: Verbose logging enabled
[2025-06-04 15:22:13] Checking for unit tests...
[2025-06-04 15:22:13] Command line arguments received:
[2025-06-04 15:22:13] Argument 0: ./Binaries/DocumentationSetup
[2025-06-04 15:22:13] Loading configuration...
[2025-06-04 15:22:13] Configuration loaded successfully.
[2025-06-04 15:22:13] Registering command-line options dynamically...
[2025-06-04 15:22:13] Command-line options registered successfully.
[2025-06-04 15:22:13] Applying command-line options dynamically...
[2025-06-04 15:22:13] Command-line option 'requestRootForVenv' applied: Enabled
[2025-06-04 15:22:13] Command-line option 'requestRootForPip' applied: Enabled
[2025-06-04 15:22:13] Command-line option 'requestRootForBrew' applied: Enabled
[2025-06-04 15:22:13] Command-line options applied successfully.
[2025-06-04 15:22:13] Menu action: Options set!
[2025-06-04 15:22:13] Menu action: InstallRequirements set!
[2025-06-04 15:22:13] Menu action: StartDocumentationWebpage set!
[2025-06-04 15:22:13] Menu action: ShowHelp set!
[2025-06-04 15:22:13] Menu action: Quit set!
[2025-06-04 15:22:13] Showing main menu!
[2025-06-04 15:22:13] Created main menu buttons!
[2025-06-04 15:22:15] Opening installation menu for confirmation...
[2025-06-04 15:22:15] DEBUG: Creating InstallationMenu instance
[2025-06-04 15:22:15] DEBUG: InstallationMenu instance created successfully
[2025-06-04 15:22:15] Showing enhanced installation menu!
[2025-06-04 15:22:16] Auto-detection of installation initiated!
[2025-06-04 15:22:16] DEBUG: DetectInstallationAutomatically: starting auto-detection
[2025-06-04 15:22:16] DEBUG: Current path: /Volumes/Datenhalde/Projects/FH/Scripts/SetupDocumentation
[2025-06-04 15:22:16] DEBUG: Base path for detection: /Volumes/Datenhalde/Projects/FH
[2025-06-04 15:22:16] Found documentation directory at: /Volumes/Datenhalde/Projects/FH/documentation
[2025-06-04 15:22:16] Auto-detection successful!
[2025-06-04 15:22:20] Manual path entry selected!
[2025-06-04 15:22:20] DEBUG: SetupManualPath: requesting path input
[2025-06-04 15:23:02] WARNING: Warning: Directory does not exist: /Volumes/Datenhalde/Projects/FH/Documentantion
[2025-06-04 15:23:02] Manual path set to: /Volumes/Datenhalde/Projects/FH/Documentantion
[2025-06-04 15:23:02] Manual path setup complete!
[2025-06-04 15:23:06] Installation canceled!
[2025-06-04 15:23:06] DEBUG: InstallationMenu destructor called
[2025-06-04 15:23:06] DEBUG: InstallationMenu destructor: mutex locked
[2025-06-04 15:23:06] DEBUG: InstallationMenu destructor: steps cleared
[2025-06-04 15:23:06] DEBUG: InstallationMenu destructor completed
[2025-06-04 15:23:07] DEBUG: Quitting application...
[2025-06-04 18:45:07] DEBUG: Setting terminal size to 65x40
[2025-06-04 18:45:07] DEBUG: Terminal size set using ANSI escape codes on Unix-like system
