====================================================
=          NOVA DOCUMENTATION SETUP LOG            =
====================================================
Started: Wed Jun  4 11:12:12 2025
====================================================

[2025-06-04 11:12:12] Starting Nova Documentation Setup
[2025-06-04 11:12:12] WARNING: Running in Development or Testing mode
[2025-06-04 11:12:12] DEBUG: Verbose logging enabled
[2025-06-04 11:12:12] Checking for unit tests...
[2025-06-04 11:12:12] Command line arguments received:
[2025-06-04 11:12:12] Argument 0: ./Binaries/DocumentationSetup
[2025-06-04 11:12:12] Loading configuration...
[2025-06-04 11:12:12] Configuration loaded successfully.
[2025-06-04 11:12:12] Registering command-line options dynamically...
[2025-06-04 11:12:12] Command-line options registered successfully.
[2025-06-04 11:12:12] Applying command-line options dynamically...
[2025-06-04 11:12:12] Command-line option 'requestRootForVenv' applied: Enabled
[2025-06-04 11:12:12] Command-line option 'requestRootForPip' applied: Enabled
[2025-06-04 11:12:12] Command-line option 'requestRootForBrew' applied: Enabled
[2025-06-04 11:12:12] Command-line options applied successfully.
[2025-06-04 11:12:12] Menu action: Options set!
[2025-06-04 11:12:12] Menu action: InstallRequirements set!
[2025-06-04 11:12:12] Menu action: StartDocumentationWebpage set!
[2025-06-04 11:12:12] Menu action: ShowHelp set!
[2025-06-04 11:12:12] Menu action: Quit set!
[2025-06-04 11:12:12] Showing main menu!
[2025-06-04 11:12:12] Created main menu buttons!
[2025-06-04 11:12:14] Opening installation menu for confirmation...
[2025-06-04 11:12:14] DEBUG: Creating InstallationMenu instance
[2025-06-04 11:12:14] DEBUG: InstallationMenu instance created successfully
[2025-06-04 11:12:14] Showing enhanced installation menu!
[2025-06-04 11:12:23] Installation confirmed!
[2025-06-04 11:12:23] DEBUG: InstallationMenu destructor called
[2025-06-04 11:12:23] DEBUG: InstallationMenu destructor: mutex locked
[2025-06-04 11:12:23] DEBUG: InstallationMenu destructor: steps cleared
[2025-06-04 11:12:23] DEBUG: InstallationMenu destructor completed
[2025-06-04 11:12:25] DEBUG: Quitting application...
[2025-06-04 11:13:36] DEBUG: Setting terminal size to 65x40
[2025-06-04 11:13:36] DEBUG: Terminal size set using ANSI escape codes on Unix-like system
