====================================================
=          NOVA DOCUMENTATION SETUP LOG            =
====================================================
Started: Wed Jun  4 11:08:40 2025
====================================================

[2025-06-04 11:08:40] Starting Nova Documentation Setup
[2025-06-04 11:08:40] WARNING: Running in Development or Testing mode
[2025-06-04 11:08:40] DEBUG: Verbose logging enabled
[2025-06-04 11:08:40] Checking for unit tests...
[2025-06-04 11:08:40] Command line arguments received:
[2025-06-04 11:08:40] Argument 0: ./Binaries/DocumentationSetup
[2025-06-04 11:08:40] Loading configuration...
[2025-06-04 11:08:40] WARNING: Configuration file not found, recreating default configuration.
[2025-06-04 11:08:40] Saving configuration...
[2025-06-04 11:08:40] Configuration saved successfully.
[2025-06-04 11:08:40] Registering command-line options dynamically...
[2025-06-04 11:08:40] Command-line options registered successfully.
[2025-06-04 11:08:40] Applying command-line options dynamically...
[2025-06-04 11:08:40] Command-line option 'requestRootForVenv' applied: Enabled
[2025-06-04 11:08:40] Command-line option 'requestRootForPip' applied: Enabled
[2025-06-04 11:08:40] Command-line option 'requestRootForBrew' applied: Enabled
[2025-06-04 11:08:40] Command-line options applied successfully.
[2025-06-04 11:08:40] Menu action: Options set!
[2025-06-04 11:08:40] Menu action: InstallRequirements set!
[2025-06-04 11:08:40] Menu action: StartDocumentationWebpage set!
[2025-06-04 11:08:40] Menu action: ShowHelp set!
[2025-06-04 11:08:40] Menu action: Quit set!
[2025-06-04 11:08:40] Showing main menu!
[2025-06-04 11:08:40] Created main menu buttons!
[2025-06-04 11:08:43] Opening installation menu for confirmation...
[2025-06-04 11:08:43] DEBUG: Creating InstallationMenu instance
[2025-06-04 11:08:43] DEBUG: InstallationMenu instance created successfully
[2025-06-04 11:08:43] Showing enhanced installation menu!
[2025-06-04 11:08:46] Manual path entry selected!
[2025-06-04 11:08:47] Git download selected!
[2025-06-04 11:08:48] Auto-detection of installation initiated!
[2025-06-04 11:08:50] Installation canceled!
[2025-06-04 11:08:50] DEBUG: InstallationMenu destructor called
[2025-06-04 11:08:50] DEBUG: InstallationMenu destructor: mutex locked
[2025-06-04 11:08:50] DEBUG: InstallationMenu destructor: steps cleared
[2025-06-04 11:08:50] DEBUG: InstallationMenu destructor completed
[2025-06-04 11:08:52] DEBUG: Quitting application...
[2025-06-04 11:09:04] DEBUG: Setting terminal size to 65x40
[2025-06-04 11:09:04] DEBUG: Terminal size set using ANSI escape codes on Unix-like system
