====================================================
=          NOVA DOCUMENTATION SETUP LOG            =
====================================================
Started: Wed Jun  4 11:19:11 2025
====================================================

[2025-06-04 11:19:11] Starting Nova Documentation Setup
[2025-06-04 11:19:11] WARNING: Running in Development or Testing mode
[2025-06-04 11:19:11] DEBUG: Verbose logging enabled
[2025-06-04 11:19:11] Checking for unit tests...
[2025-06-04 11:19:11] Command line arguments received:
[2025-06-04 11:19:11] Argument 0: ./Binaries/DocumentationSetup
[2025-06-04 11:19:11] Loading configuration...
[2025-06-04 11:19:11] Configuration loaded successfully.
[2025-06-04 11:19:11] Registering command-line options dynamically...
[2025-06-04 11:19:11] Command-line options registered successfully.
[2025-06-04 11:19:11] Applying command-line options dynamically...
[2025-06-04 11:19:11] Command-line option 'requestRootForVenv' applied: Enabled
[2025-06-04 11:19:11] Command-line option 'requestRootForPip' applied: Enabled
[2025-06-04 11:19:11] Command-line option 'requestRootForBrew' applied: Enabled
[2025-06-04 11:19:11] Command-line options applied successfully.
[2025-06-04 11:19:11] Menu action: Options set!
[2025-06-04 11:19:11] Menu action: InstallRequirements set!
[2025-06-04 11:19:11] Menu action: StartDocumentationWebpage set!
[2025-06-04 11:19:11] Menu action: ShowHelp set!
[2025-06-04 11:19:11] Menu action: Quit set!
[2025-06-04 11:19:11] Showing main menu!
[2025-06-04 11:19:11] Created main menu buttons!
[2025-06-04 11:19:13] Opening installation menu for confirmation...
[2025-06-04 11:19:13] DEBUG: Creating InstallationMenu instance
[2025-06-04 11:19:13] DEBUG: InstallationMenu instance created successfully
[2025-06-04 11:19:13] Showing enhanced installation menu!
[2025-06-04 11:21:00] DEBUG: Setting terminal size to 65x40
[2025-06-04 11:21:00] DEBUG: Terminal size set using ANSI escape codes on Unix-like system
