====================================================
=          NOVA DOCUMENTATION SETUP LOG            =
====================================================
Started: Wed Jun  4 11:21:42 2025
====================================================

[2025-06-04 11:21:42] Starting Nova Documentation Setup
[2025-06-04 11:21:42] WARNING: Running in Development or Testing mode
[2025-06-04 11:21:42] DEBUG: Verbose logging enabled
[2025-06-04 11:21:42] Checking for unit tests...
[2025-06-04 11:21:42] Command line arguments received:
[2025-06-04 11:21:42] Argument 0: ./Binaries/DocumentationSetup
[2025-06-04 11:21:42] Loading configuration...
[2025-06-04 11:21:42] Configuration loaded successfully.
[2025-06-04 11:21:42] Registering command-line options dynamically...
[2025-06-04 11:21:42] Command-line options registered successfully.
[2025-06-04 11:21:42] Applying command-line options dynamically...
[2025-06-04 11:21:42] Command-line option 'requestRootForVenv' applied: Enabled
[2025-06-04 11:21:42] Command-line option 'requestRootForPip' applied: Enabled
[2025-06-04 11:21:42] Command-line option 'requestRootForBrew' applied: Enabled
[2025-06-04 11:21:42] Command-line options applied successfully.
[2025-06-04 11:21:42] Menu action: Options set!
[2025-06-04 11:21:42] Menu action: InstallRequirements set!
[2025-06-04 11:21:42] Menu action: StartDocumentationWebpage set!
[2025-06-04 11:21:42] Menu action: ShowHelp set!
[2025-06-04 11:21:42] Menu action: Quit set!
[2025-06-04 11:21:42] Showing main menu!
[2025-06-04 11:21:42] Created main menu buttons!
[2025-06-04 11:21:44] Opening installation menu for confirmation...
[2025-06-04 11:21:44] DEBUG: Creating InstallationMenu instance
[2025-06-04 11:21:44] DEBUG: InstallationMenu instance created successfully
[2025-06-04 11:21:44] Showing enhanced installation menu!
[2025-06-04 12:05:47] Installation canceled!
[2025-06-04 12:05:47] DEBUG: InstallationMenu destructor called
[2025-06-04 12:05:47] DEBUG: InstallationMenu destructor: mutex locked
[2025-06-04 12:05:47] DEBUG: InstallationMenu destructor: steps cleared
[2025-06-04 12:05:47] DEBUG: InstallationMenu destructor completed
[2025-06-04 12:05:49] DEBUG: Quitting application...
[2025-06-04 14:46:19] DEBUG: Setting terminal size to 65x40
[2025-06-04 14:46:19] DEBUG: Terminal size set using ANSI escape codes on Unix-like system
