[2025-06-01 05:05:52] Menu action: InstallRequirements set!
[2025-06-01 05:05:52] Menu action: StartDocumentationWebpage set!
[2025-06-01 05:05:52] Menu action: Quit set!
[2025-06-01 05:05:52] Menu action: ShowHelp set!
[2025-06-01 05:05:52] Showing main menu!
[2025-06-01 05:05:52] Created main menu buttons!
[2025-06-01 05:05:53] Installing requirements...
[2025-06-01 05:05:53] RootAccessHelper_Darwin initialized successfully
[2025-06-01 05:05:53] Requesting elevated privileges for Homebrew installation...
[2025-06-01 05:05:56] Root access granted successfully
[2025-06-01 05:05:56] Command executed successfully with root privileges
[2025-06-01 05:05:56] Homebrew installation process completed.
[2025-06-01 05:05:56] RootAccessHelper_Darwin is already initialized
[2025-06-01 05:05:56] Root access granted successfully
[2025-06-01 05:05:56] Command executed successfully with root privileges
[2025-06-01 05:05:56] Installing pip using Homebrew...
[2025-06-01 05:05:56] Pip has been installed successfully.
[2025-06-01 05:05:56] PipInstallHelper_Darwin initialized
[2025-06-01 05:05:56] RootAccessHelper_Darwin is already initialized
[2025-06-01 05:05:56] Root access granted successfully
[2025-06-01 05:05:56] Pip is already installed.
[2025-06-01 05:05:56] PipInstallHelper_Darwin initialized
[2025-06-01 05:05:56] Requirements installed successfully!
